{"name":"should return 400 when creating pet with empty name","status":"failed","statusDetails":{"known":false,"muted":false,"flaky":false,"message":"Assertion for Response Status Code - <b> <u> Should return 400 when trying to create a pet with empty name </u> </b> (Client Error)","trace":"java.lang.AssertionError: Assertion for Response Status Code - <b> <u> Should return 400 when trying to create a pet with empty name </u> </b> (Client Error)\r\n\tat org.testng.Assert.fail(Assert.java:99)\r\n\tat com.petstore.utils.VerificationManager.validateResponse(VerificationManager.java:17)\r\n\tat com.petstore.tests.PetTest.assertStatusCode(PetTest.java:234)\r\n\tat com.petstore.tests.PetTest.shouldReturn400WhenCreatingPetWithEmptyName(PetTest.java:183)\r\n\tat sun.reflect.NativeMethodAccessorImpl.invoke0(Native Method)\r\n\tat sun.reflect.NativeMethodAccessorImpl.invoke(NativeMethodAccessorImpl.java:62)\r\n\tat sun.reflect.DelegatingMethodAccessorImpl.invoke(DelegatingMethodAccessorImpl.java:43)\r\n\tat java.lang.reflect.Method.invoke(Method.java:498)\r\n\tat org.testng.internal.MethodInvocationHelper.invokeMethod(MethodInvocationHelper.java:133)\r\n\tat org.testng.internal.TestInvoker.invokeMethod(TestInvoker.java:598)\r\n\tat org.testng.internal.TestInvoker.retryFailed(TestInvoker.java:213)\r\n\tat org.testng.internal.MethodRunner.runInSequence(MethodRunner.java:58)\r\n\tat org.testng.internal.TestInvoker$MethodInvocationAgent.invoke(TestInvoker.java:824)\r\n\tat org.testng.internal.TestInvoker.invokeTestMethods(TestInvoker.java:146)\r\n\tat org.testng.internal.TestMethodWorker.invokeTestMethods(TestMethodWorker.java:146)\r\n\tat org.testng.internal.TestMethodWorker.run(TestMethodWorker.java:128)\r\n\tat java.util.concurrent.ThreadPoolExecutor.runWorker(ThreadPoolExecutor.java:1149)\r\n\tat java.util.concurrent.ThreadPoolExecutor$Worker.run(ThreadPoolExecutor.java:624)\r\n\tat java.lang.Thread.run(Thread.java:750)\r\n"},"stage":"finished","steps":[{"name":"categoryBuilder","status":"passed","stage":"finished","steps":[],"attachments":[],"parameters":[{"name":"id","value":"1319"},{"name":"name","value":"Category _gNe ,y,_ "}],"start":1739207545724,"stop":1739207545724},{"name":"petBuilder","status":"passed","stage":"finished","steps":[],"attachments":[],"parameters":[{"name":"id","value":"601"},{"name":"name","value":""},{"name":"status","value":"pending"},{"name":"category","value":"Category(id=1319, name=Category _gNe ,y,_ , additionalProperties={})"}],"start":1739207545724,"stop":1739207545724},{"name":"assertStatusCode","status":"failed","statusDetails":{"known":false,"muted":false,"flaky":false,"message":"Assertion for Response Status Code - <b> <u> Should return 400 when trying to create a pet with empty name </u> </b> (Client Error)","trace":"java.lang.AssertionError: Assertion for Response Status Code - <b> <u> Should return 400 when trying to create a pet with empty name </u> </b> (Client Error)\r\n\tat org.testng.Assert.fail(Assert.java:99)\r\n\tat com.petstore.utils.VerificationManager.validateResponse(VerificationManager.java:17)\r\n\tat com.petstore.tests.PetTest.assertStatusCode(PetTest.java:234)\r\n\tat com.petstore.tests.PetTest.shouldReturn400WhenCreatingPetWithEmptyName(PetTest.java:183)\r\n\tat sun.reflect.NativeMethodAccessorImpl.invoke0(Native Method)\r\n\tat sun.reflect.NativeMethodAccessorImpl.invoke(NativeMethodAccessorImpl.java:62)\r\n\tat sun.reflect.DelegatingMethodAccessorImpl.invoke(DelegatingMethodAccessorImpl.java:43)\r\n\tat java.lang.reflect.Method.invoke(Method.java:498)\r\n\tat org.testng.internal.MethodInvocationHelper.invokeMethod(MethodInvocationHelper.java:133)\r\n\tat org.testng.internal.TestInvoker.invokeMethod(TestInvoker.java:598)\r\n\tat org.testng.internal.TestInvoker.retryFailed(TestInvoker.java:213)\r\n\tat org.testng.internal.MethodRunner.runInSequence(MethodRunner.java:58)\r\n\tat org.testng.internal.TestInvoker$MethodInvocationAgent.invoke(TestInvoker.java:824)\r\n\tat org.testng.internal.TestInvoker.invokeTestMethods(TestInvoker.java:146)\r\n\tat org.testng.internal.TestMethodWorker.invokeTestMethods(TestMethodWorker.java:146)\r\n\tat org.testng.internal.TestMethodWorker.run(TestMethodWorker.java:128)\r\n\tat java.util.concurrent.ThreadPoolExecutor.runWorker(ThreadPoolExecutor.java:1149)\r\n\tat java.util.concurrent.ThreadPoolExecutor$Worker.run(ThreadPoolExecutor.java:624)\r\n\tat java.lang.Thread.run(Thread.java:750)\r\n"},"stage":"finished","steps":[],"attachments":[],"parameters":[{"name":"actualStatusCode","value":"200"},{"name":"statusCode","value":"CODE_400"},{"name":"message","value":"Should return 400 when trying to create a pet with empty name"}],"start":1739207546501,"stop":1739207546501}],"attachments":[],"parameters":[],"start":1739207545717,"stop":1739207546502,"uuid":"2e21bfc7-6b1e-470e-861f-1c492f4b4ff9","historyId":"a944253eb436b1e2bf71afe4808a1ffd","fullName":"com.petstore.tests.PetTest.shouldReturn400WhenCreatingPetWithEmptyName","labels":[{"name":"package","value":"com.petstore.tests.PetTest"},{"name":"testClass","value":"com.petstore.tests.PetTest"},{"name":"testMethod","value":"shouldReturn400WhenCreatingPetWithEmptyName"},{"name":"parentSuite","value":"Automation Test Suite for PetStore Pet APIs"},{"name":"suite","value":"Regression Tests execution for PetStore Pet APIs"},{"name":"subSuite","value":"com.petstore.tests.PetTest"},{"name":"host","value":"berkay"},{"name":"thread","value":"14160@berkay.TestNG-test=Regression Tests execution for PetStore Pet APIs-5(29)"},{"name":"framework","value":"testng"},{"name":"language","value":"java"},{"name":"epic","value":"PetStoreV2"},{"name":"feature","value":"PetStore API"}],"links":[]}