{"name":"should return 400 when trying to create a pet with invalid status","status":"skipped","statusDetails":{"known":false,"muted":false,"flaky":false,"message":"Assertion for Response Status Code - <b> <u> Should return 400 when trying to create a pet with invalid status </u> </b> (Client Error)","trace":"java.lang.AssertionError: Assertion for Response Status Code - <b> <u> Should return 400 when trying to create a pet with invalid status </u> </b> (Client Error)\r\n\tat org.testng.Assert.fail(Assert.java:99)\r\n\tat com.petstore.utils.VerificationManager.validateResponse(VerificationManager.java:17)\r\n\tat com.petstore.tests.PetTest.assertStatusCode(PetTest.java:234)\r\n\tat com.petstore.tests.PetTest.shouldReturn400WhenCreatingPetWithInvalidStatus(PetTest.java:153)\r\n\tat sun.reflect.NativeMethodAccessorImpl.invoke0(Native Method)\r\n\tat sun.reflect.NativeMethodAccessorImpl.invoke(NativeMethodAccessorImpl.java:62)\r\n\tat sun.reflect.DelegatingMethodAccessorImpl.invoke(DelegatingMethodAccessorImpl.java:43)\r\n\tat java.lang.reflect.Method.invoke(Method.java:498)\r\n\tat org.testng.internal.MethodInvocationHelper.invokeMethod(MethodInvocationHelper.java:133)\r\n\tat org.testng.internal.TestInvoker.invokeMethod(TestInvoker.java:598)\r\n\tat org.testng.internal.TestInvoker.invokeTestMethod(TestInvoker.java:173)\r\n\tat org.testng.internal.MethodRunner.runInSequence(MethodRunner.java:46)\r\n\tat org.testng.internal.TestInvoker$MethodInvocationAgent.invoke(TestInvoker.java:824)\r\n\tat org.testng.internal.TestInvoker.invokeTestMethods(TestInvoker.java:146)\r\n\tat org.testng.internal.TestMethodWorker.invokeTestMethods(TestMethodWorker.java:146)\r\n\tat org.testng.internal.TestMethodWorker.run(TestMethodWorker.java:128)\r\n\tat java.util.concurrent.ThreadPoolExecutor.runWorker(ThreadPoolExecutor.java:1149)\r\n\tat java.util.concurrent.ThreadPoolExecutor$Worker.run(ThreadPoolExecutor.java:624)\r\n\tat java.lang.Thread.run(Thread.java:750)\r\n"},"stage":"finished","steps":[{"name":"categoryBuilder","status":"passed","stage":"finished","steps":[],"attachments":[],"parameters":[{"name":"id","value":"262"},{"name":"name","value":"Category I a e__4 -"}],"start":1739207542274,"stop":1739207542274},{"name":"petBuilder","status":"passed","stage":"finished","steps":[],"attachments":[],"parameters":[{"name":"id","value":"4088"},{"name":"name","value":"sea lion"},{"name":"status","value":"invalid_status"},{"name":"category","value":"Category(id=262, name=Category I a e__4 -, additionalProperties={})"}],"start":1739207542274,"stop":1739207542274},{"name":"assertStatusCode","status":"failed","statusDetails":{"known":false,"muted":false,"flaky":false,"message":"Assertion for Response Status Code - <b> <u> Should return 400 when trying to create a pet with invalid status </u> </b> (Client Error)","trace":"java.lang.AssertionError: Assertion for Response Status Code - <b> <u> Should return 400 when trying to create a pet with invalid status </u> </b> (Client Error)\r\n\tat org.testng.Assert.fail(Assert.java:99)\r\n\tat com.petstore.utils.VerificationManager.validateResponse(VerificationManager.java:17)\r\n\tat com.petstore.tests.PetTest.assertStatusCode(PetTest.java:234)\r\n\tat com.petstore.tests.PetTest.shouldReturn400WhenCreatingPetWithInvalidStatus(PetTest.java:153)\r\n\tat sun.reflect.NativeMethodAccessorImpl.invoke0(Native Method)\r\n\tat sun.reflect.NativeMethodAccessorImpl.invoke(NativeMethodAccessorImpl.java:62)\r\n\tat sun.reflect.DelegatingMethodAccessorImpl.invoke(DelegatingMethodAccessorImpl.java:43)\r\n\tat java.lang.reflect.Method.invoke(Method.java:498)\r\n\tat org.testng.internal.MethodInvocationHelper.invokeMethod(MethodInvocationHelper.java:133)\r\n\tat org.testng.internal.TestInvoker.invokeMethod(TestInvoker.java:598)\r\n\tat org.testng.internal.TestInvoker.invokeTestMethod(TestInvoker.java:173)\r\n\tat org.testng.internal.MethodRunner.runInSequence(MethodRunner.java:46)\r\n\tat org.testng.internal.TestInvoker$MethodInvocationAgent.invoke(TestInvoker.java:824)\r\n\tat org.testng.internal.TestInvoker.invokeTestMethods(TestInvoker.java:146)\r\n\tat org.testng.internal.TestMethodWorker.invokeTestMethods(TestMethodWorker.java:146)\r\n\tat org.testng.internal.TestMethodWorker.run(TestMethodWorker.java:128)\r\n\tat java.util.concurrent.ThreadPoolExecutor.runWorker(ThreadPoolExecutor.java:1149)\r\n\tat java.util.concurrent.ThreadPoolExecutor$Worker.run(ThreadPoolExecutor.java:624)\r\n\tat java.lang.Thread.run(Thread.java:750)\r\n"},"stage":"finished","steps":[],"attachments":[],"parameters":[{"name":"actualStatusCode","value":"200"},{"name":"statusCode","value":"CODE_PET_INVALID_STATUS"},{"name":"message","value":"Should return 400 when trying to create a pet with invalid status"}],"start":1739207545624,"stop":1739207545654}],"attachments":[],"parameters":[],"start":1739207541964,"stop":1739207545666,"uuid":"7588788e-11ed-481d-a07f-6f0b9655a01a","historyId":"1642a3aff3325ce83abe6f1820251127","fullName":"com.petstore.tests.PetTest.shouldReturn400WhenCreatingPetWithInvalidStatus","labels":[{"name":"package","value":"com.petstore.tests.PetTest"},{"name":"testClass","value":"com.petstore.tests.PetTest"},{"name":"testMethod","value":"shouldReturn400WhenCreatingPetWithInvalidStatus"},{"name":"parentSuite","value":"Automation Test Suite for PetStore Pet APIs"},{"name":"suite","value":"Regression Tests execution for PetStore Pet APIs"},{"name":"subSuite","value":"com.petstore.tests.PetTest"},{"name":"host","value":"berkay"},{"name":"thread","value":"14160@berkay.TestNG-test=Regression Tests execution for PetStore Pet APIs-7(31)"},{"name":"framework","value":"testng"},{"name":"language","value":"java"},{"name":"epic","value":"PetStoreV2"},{"name":"feature","value":"PetStore API"}],"links":[]}